#
# A fatal error has been detected by the Java Runtime Environment:
#
#  EXCEPTION_ACCESS_VIOLATION (0xc0000005) at pc=0x00007fff67211286, pid=10432, tid=12132
#
# JRE version: Java(TM) SE Runtime Environment 18.9 (11.0.13+10) (build 11.0.13+10-LTS-370)
# Java VM: Java HotSpot(TM) 64-Bit Server VM 18.9 (11.0.13+10-LTS-370, mixed mode, tiered, compressed oops, g1 gc, windows-amd64)
# Problematic frame:
# V  [jvm.dll+0x181286]
#
# No core dump will be written. Minidumps are not enabled by default on client versions of Windows
#
# If you would like to submit a bug report, please visit:
#   https://bugreport.java.com/bugreport/crash.jsp
#

---------------  S U M M A R Y ------------

Command Line: -Dmaven.multiModuleProjectDirectory=E:\JavaEE\hackathon-javaee org.apache.maven.wrapper.MavenWrapperMain clean compile quarkus:dev

Host: Intel(R) Core(TM) i5-2310 CPU @ 2.90GHz, 4 cores, 7G,  Windows 10 , 64 bit Build 19041 (10.0.19041.1503)
Time: Tue Mar  8 15:48:17 2022 Hora oficial do Brasil elapsed time: 34.001691 seconds (0d 0h 0m 34s)

---------------  T H R E A D  ---------------

Current thread (0x000001ffb5f83000):  GCTaskThread "GC Thread#1" [stack: 0x00000071a0600000,0x00000071a0700000] [id=12132]

Stack: [0x00000071a0600000,0x00000071a0700000],  sp=0x00000071a06ff538,  free space=1021k
Native frames: (J=compiled Java code, j=interpreted, Vv=VM code, C=native code)
V  [jvm.dll+0x181286]


siginfo: EXCEPTION_ACCESS_VIOLATION (0xc0000005), reading address 0x0000000377c10020


Register to memory mapping:

RIP=0x00007fff67211286 jvm.dll
RAX=0x0000000000000001 is an unknown value
RBX=0x0000000084e28200 is pointing into object: [Ljava.lang.Object; 
{0x0000000084e27830} - klass: 'java/lang/Object'[]
 - length: 1851
RCX=0x00000000882070da is pointing into object: org.eclipse.aether.graph.Dependency 
{0x00000000882070d8} - klass: 'org/eclipse/aether/graph/Dependency'
RDX=0x00000000882070da is pointing into object: org.eclipse.aether.graph.Dependency 
{0x00000000882070d8} - klass: 'org/eclipse/aether/graph/Dependency'
RSP=0x00000071a06ff538 points into unknown readable memory: 0x00007fff673835de | de 35 38 67 ff 7f 00 00
RBP=0x000001ffb6619ef0 points into unknown readable memory: 0x00007fff678fab28 | 28 ab 8f 67 ff 7f 00 00
RSI=0x000001ffb6619ef0 points into unknown readable memory: 0x00007fff678fab28 | 28 ab 8f 67 ff 7f 00 00
RDI=0x0000000000000001 is an unknown value
R8 =0x00000000882070da is pointing into object: org.eclipse.aether.graph.Dependency 
{0x00000000882070d8} - klass: 'org/eclipse/aether/graph/Dependency'
R9 =0x0000000377c10018 is an unknown value
R10=0x0000000084e5c058 is pointing into object: java.util.HashMap$Node 
{0x0000000084e5c048} - klass: 'java/util/HashMap$Node'
R11=0x000001ffb661a060 points into unknown readable memory: 0x00007fff678faae0 | e0 aa 8f 67 ff 7f 00 00
R12=0x000001ffb4ce5c90 points into unknown readable memory: 0x6974752e6176616a | 6a 61 76 61 2e 75 74 69
R13=0x00000000000003d8 is an unknown value
R14=0x00000000882070da is pointing into object: org.eclipse.aether.graph.Dependency 
{0x00000000882070d8} - klass: 'org/eclipse/aether/graph/Dependency'
R15=0xbb11000000000000 is an unknown value


Registers:
RAX=0x0000000000000001, RBX=0x0000000084e28200, RCX=0x00000000882070da, RDX=0x00000000882070da
RSP=0x00000071a06ff538, RBP=0x000001ffb6619ef0, RSI=0x000001ffb6619ef0, RDI=0x0000000000000001
R8 =0x00000000882070da, R9 =0x0000000377c10018, R10=0x0000000084e5c058, R11=0x000001ffb661a060
R12=0x000001ffb4ce5c90, R13=0x00000000000003d8, R14=0x00000000882070da, R15=0xbb11000000000000
RIP=0x00007fff67211286, EFLAGS=0x0000000000010206

Top of Stack: (sp=0x00000071a06ff538)
0x00000071a06ff538:   00007fff673835de 0000000084e5c001
0x00000071a06ff548:   000001ffb6619ef0 0000000084e5c048
0x00000071a06ff558:   000000000000028a 000001ff0000028a
0x00000071a06ff568:   00007fff6735b044 0000002784e27830
0x00000071a06ff578:   00007fff6735d05e 000001ffb6619ef0
0x00000071a06ff588:   0000000000000000 000001ff96e4d1a0
0x00000071a06ff598:   00000000000003d8 000001ffb4ce5c90
0x00000071a06ff5a8:   000001ffb6619ef0 00000071a06ff720
0x00000071a06ff5b8:   00007fff6735d14b 000001ffb6619ef0
0x00000071a06ff5c8:   000001ff96e4d1a0 000000000000000d
0x00000071a06ff5d8:   0000000084e28200 000001ff96e4d120
0x00000071a06ff5e8:   00007fff6738436b 0000000000000271
0x00000071a06ff5f8:   000001ffb6619ef0 000000000000000d
0x00000071a06ff608:   00007fff67359e8e 0000079700000258
0x00000071a06ff618:   0000079800000258 0000002700000262
0x00000071a06ff628:   0000000000000000 0000000000003bd1 

Instructions: (pc=0x00007fff67211286)
0x00007fff67211266:   00 48 8b 51 08 48 8b c8 e9 0d 00 00 00 cc cc cc
0x00007fff67211276:   cc cc cc cc cc cc cc cc cc cc 4c 8b ca 48 8b d1
0x00007fff67211286:   45 8b 41 08 45 85 c0 7e 0e 41 f6 c0 01 75 56 41
0x00007fff67211296:   c1 f8 03 41 8b c0 c3 79 4c 80 3d 7b 17 8c 00 00 


Stack slot to memory mapping:
stack at sp + 0 slots: 0x00007fff673835de jvm.dll
stack at sp + 1 slots: 0x0000000084e5c001 is pointing into object: java.util.HashMap$Node 
{0x0000000084e5bfe8} - klass: 'java/util/HashMap$Node'
stack at sp + 2 slots: 0x000001ffb6619ef0 points into unknown readable memory: 0x00007fff678fab28 | 28 ab 8f 67 ff 7f 00 00
stack at sp + 3 slots: 0x0000000084e5c048 is an oop: java.util.HashMap$Node 
{0x0000000084e5c048} - klass: 'java/util/HashMap$Node'
stack at sp + 4 slots: 0x000000000000028a is an unknown value
stack at sp + 5 slots: 0x000001ff0000028a is an unknown value
stack at sp + 6 slots: 0x00007fff6735b044 jvm.dll
stack at sp + 7 slots: 0x0000002784e27830 is an unknown value


---------------  P R O C E S S  ---------------

Threads class SMR info:
_java_thread_list=0x000001ffb60f7440, length=11, elements={
0x000001ff96e35800, 0x000001ffb4cae800, 0x000001ffb4cb9800, 0x000001ffb4cc9000,
0x000001ffb4ccb000, 0x000001ffb4ccb800, 0x000001ffb4cd2800, 0x000001ffb4ce4800,
0x000001ffb4ce6800, 0x000001ffb57b6000, 0x000001ffb8e93800
}

Java Threads: ( => current thread )
  0x000001ff96e35800 JavaThread "main" [_thread_blocked, id=14952, stack(0x000000719f500000,0x000000719f600000)]
  0x000001ffb4cae800 JavaThread "Reference Handler" daemon [_thread_blocked, id=244, stack(0x000000719fc00000,0x000000719fd00000)]
  0x000001ffb4cb9800 JavaThread "Finalizer" daemon [_thread_blocked, id=11636, stack(0x000000719fd00000,0x000000719fe00000)]
  0x000001ffb4cc9000 JavaThread "Signal Dispatcher" daemon [_thread_blocked, id=13328, stack(0x000000719fe00000,0x000000719ff00000)]
  0x000001ffb4ccb000 JavaThread "Attach Listener" daemon [_thread_blocked, id=5452, stack(0x000000719ff00000,0x00000071a0000000)]
  0x000001ffb4ccb800 JavaThread "Service Thread" daemon [_thread_blocked, id=17296, stack(0x00000071a0000000,0x00000071a0100000)]
  0x000001ffb4cd2800 JavaThread "C2 CompilerThread0" daemon [_thread_blocked, id=11616, stack(0x00000071a0100000,0x00000071a0200000)]
  0x000001ffb4ce4800 JavaThread "C1 CompilerThread0" daemon [_thread_blocked, id=2480, stack(0x00000071a0200000,0x00000071a0300000)]
  0x000001ffb4ce6800 JavaThread "Sweeper thread" daemon [_thread_blocked, id=11172, stack(0x00000071a0300000,0x00000071a0400000)]
  0x000001ffb57b6000 JavaThread "Common-Cleaner" daemon [_thread_blocked, id=15764, stack(0x00000071a0500000,0x00000071a0600000)]
  0x000001ffb8e93800 JavaThread "C2 CompilerThread1" daemon [_thread_blocked, id=6260, stack(0x00000071a0800000,0x00000071a0900000)]

Other Threads:
  0x000001ffb4c8a800 VMThread "VM Thread" [stack: 0x000000719fb00000,0x000000719fc00000] [id=7948]
  0x000001ffb57b5800 WatcherThread [stack: 0x00000071a0400000,0x00000071a0500000] [id=4692]
  0x000001ff96e4c000 GCTaskThread "GC Thread#0" [stack: 0x000000719f600000,0x000000719f700000] [id=12368]
=>0x000001ffb5f83000 GCTaskThread "GC Thread#1" [stack: 0x00000071a0600000,0x00000071a0700000] [id=12132]
  0x000001ffb6211000 GCTaskThread "GC Thread#2" [stack: 0x00000071a0700000,0x00000071a0800000] [id=7648]
  0x000001ff96e7c000 ConcurrentGCThread "G1 Main Marker" [stack: 0x000000719f700000,0x000000719f800000] [id=5876]
  0x000001ff96e80800 ConcurrentGCThread "G1 Conc#0" [stack: 0x000000719f800000,0x000000719f900000] [id=16252]
  0x000001ff96f13000 ConcurrentGCThread "G1 Refine#0" [stack: 0x000000719f900000,0x000000719fa00000] [id=14232]
  0x000001ff96f14000 ConcurrentGCThread "G1 Young RemSet Sampling" [stack: 0x000000719fa00000,0x000000719fb00000] [id=14004]

Threads with active compile tasks:
C2 CompilerThread0  34124 4277   !   4       org.apache.maven.model.profile.DefaultProfileSelector::isActive (187 bytes)
C2 CompilerThread1  34124 4268       4       java.lang.String::split (324 bytes)

VM state:at safepoint (normal execution)

VM Mutex/Monitor currently owned by a thread:  ([mutex/lock_event])
[0x000001ff96e33540] Threads_lock - owner thread: 0x000001ffb4c8a800
[0x000001ff96e31a40] Heap_lock - owner thread: 0x000001ff96e35800

Heap address: 0x0000000080600000, size: 2042 MB, Compressed Oops mode: 32-bit
Narrow klass base: 0x0000000000000000, Narrow klass shift: 3
Compressed class space size: 1073741824 Address: 0x0000000100000000

Heap:
 garbage-first heap   total 157696K, used 98304K [0x0000000080600000, 0x0000000100000000)
  region size 1024K, 78 young (79872K), 10 survivors (10240K)
 Metaspace       used 23259K, capacity 23721K, committed 23984K, reserved 1071104K
  class space    used 2350K, capacity 2503K, committed 2560K, reserved 1048576K
Heap Regions: E=young(eden), S=young(survivor), O=old, HS=humongous(starts), HC=humongous(continues), CS=collection set, F=free, A=archive, TAMS=top-at-mark-start (previous, next)
|   0|0x0000000080600000, 0x0000000080700000, 0x0000000080700000|100%| O|  |TAMS 0x0000000080700000, 0x0000000080600000| Untracked 
|   1|0x0000000080700000, 0x0000000080800000, 0x0000000080800000|100%| O|  |TAMS 0x0000000080800000, 0x0000000080700000| Untracked 
|   2|0x0000000080800000, 0x0000000080900000, 0x0000000080900000|100%| O|  |TAMS 0x0000000080900000, 0x0000000080800000| Untracked 
|   3|0x0000000080900000, 0x0000000080a00000, 0x0000000080a00000|100%| O|  |TAMS 0x0000000080a00000, 0x0000000080900000| Untracked 
|   4|0x0000000080a00000, 0x0000000080b00000, 0x0000000080b00000|100%| O|  |TAMS 0x0000000080b00000, 0x0000000080a00000| Untracked 
|   5|0x0000000080b00000, 0x0000000080c00000, 0x0000000080c00000|100%| O|  |TAMS 0x0000000080c00000, 0x0000000080b00000| Untracked 
|   6|0x0000000080c00000, 0x0000000080d00000, 0x0000000080d00000|100%| O|  |TAMS 0x0000000080d00000, 0x0000000080c00000| Untracked 
|   7|0x0000000080d00000, 0x0000000080e00000, 0x0000000080e00000|100%| O|  |TAMS 0x0000000080e00000, 0x0000000080d00000| Untracked 
|   8|0x0000000080e00000, 0x0000000080f00000, 0x0000000080f00000|100%| O|  |TAMS 0x0000000080ea5a00, 0x0000000080e00000| Untracked 
|   9|0x0000000080f00000, 0x0000000081000000, 0x0000000081000000|100%| O|  |TAMS 0x0000000080f00000, 0x0000000080f00000| Untracked 
|  10|0x0000000081000000, 0x0000000081100000, 0x0000000081100000|100%| O|  |TAMS 0x0000000081000000, 0x0000000081000000| Untracked 
|  11|0x0000000081100000, 0x0000000081200000, 0x0000000081200000|100%| O|  |TAMS 0x0000000081100000, 0x0000000081100000| Untracked 
|  12|0x0000000081200000, 0x0000000081300000, 0x0000000081300000|100%| O|  |TAMS 0x0000000081200000, 0x0000000081200000| Untracked 
|  13|0x0000000081300000, 0x0000000081400000, 0x0000000081400000|100%| O|  |TAMS 0x0000000081300000, 0x0000000081300000| Untracked 
|  14|0x0000000081400000, 0x0000000081500000, 0x0000000081500000|100%| O|  |TAMS 0x0000000081400000, 0x0000000081400000| Untracked 
|  15|0x0000000081500000, 0x0000000081600000, 0x0000000081600000|100%| O|  |TAMS 0x0000000081500000, 0x0000000081500000| Untracked 
|  16|0x0000000081600000, 0x0000000081700000, 0x0000000081700000|100%| O|  |TAMS 0x0000000081600000, 0x0000000081600000| Untracked 
|  17|0x0000000081700000, 0x0000000081800000, 0x0000000081800000|100%| O|  |TAMS 0x0000000081700000, 0x0000000081700000| Untracked 
|  18|0x0000000081800000, 0x0000000081900000, 0x0000000081900000|100%| O|  |TAMS 0x0000000081800000, 0x0000000081800000| Untracked 
|  19|0x0000000081900000, 0x0000000081a00000, 0x0000000081a00000|100%| O|  |TAMS 0x0000000081900000, 0x0000000081900000| Untracked 
|  20|0x0000000081a00000, 0x0000000081b00000, 0x0000000081b00000|100%| O|  |TAMS 0x0000000081a00000, 0x0000000081a00000| Untracked 
|  21|0x0000000081b00000, 0x0000000081c00000, 0x0000000081c00000|100%| O|  |TAMS 0x0000000081b00000, 0x0000000081b00000| Untracked 
|  22|0x0000000081c00000, 0x0000000081d00000, 0x0000000081d00000|100%| O|  |TAMS 0x0000000081c00000, 0x0000000081c00000| Untracked 
|  23|0x0000000081d00000, 0x0000000081e00000, 0x0000000081e00000|100%| O|  |TAMS 0x0000000081d00000, 0x0000000081d00000| Untracked 
|  24|0x0000000081e00000, 0x0000000081f00000, 0x0000000081f00000|100%| O|  |TAMS 0x0000000081e00000, 0x0000000081e00000| Untracked 
|  25|0x0000000081f00000, 0x0000000082000000, 0x0000000082000000|100%| O|  |TAMS 0x0000000081f00000, 0x0000000081f00000| Untracked 
|  26|0x0000000082000000, 0x0000000082100000, 0x0000000082100000|100%| O|  |TAMS 0x0000000082000000, 0x0000000082000000| Untracked 
|  27|0x0000000082100000, 0x0000000082200000, 0x0000000082200000|100%| O|  |TAMS 0x0000000082100000, 0x0000000082100000| Untracked 
|  28|0x0000000082200000, 0x0000000082200000, 0x0000000082300000|  0%| F|  |TAMS 0x0000000082200000, 0x0000000082200000| Untracked 
|  29|0x0000000082300000, 0x0000000082300000, 0x0000000082400000|  0%| F|  |TAMS 0x0000000082300000, 0x0000000082300000| Untracked 
|  30|0x0000000082400000, 0x0000000082400000, 0x0000000082500000|  0%| F|  |TAMS 0x0000000082400000, 0x0000000082400000| Untracked 
|  31|0x0000000082500000, 0x0000000082500000, 0x0000000082600000|  0%| F|  |TAMS 0x0000000082500000, 0x0000000082500000| Untracked 
|  32|0x0000000082600000, 0x0000000082600000, 0x0000000082700000|  0%| F|  |TAMS 0x0000000082600000, 0x0000000082600000| Untracked 
|  33|0x0000000082700000, 0x0000000082700000, 0x0000000082800000|  0%| F|  |TAMS 0x0000000082700000, 0x0000000082700000| Untracked 
|  34|0x0000000082800000, 0x0000000082800000, 0x0000000082900000|  0%| F|  |TAMS 0x0000000082800000, 0x0000000082800000| Untracked 
|  35|0x0000000082900000, 0x0000000082900000, 0x0000000082a00000|  0%| F|  |TAMS 0x0000000082900000, 0x0000000082900000| Untracked 
|  36|0x0000000082a00000, 0x0000000082a00000, 0x0000000082b00000|  0%| F|  |TAMS 0x0000000082a00000, 0x0000000082a00000| Untracked 
|  37|0x0000000082b00000, 0x0000000082b00000, 0x0000000082c00000|  0%| F|  |TAMS 0x0000000082b00000, 0x0000000082b00000| Untracked 
|  38|0x0000000082c00000, 0x0000000082c00000, 0x0000000082d00000|  0%| F|  |TAMS 0x0000000082c00000, 0x0000000082c00000| Untracked 
|  39|0x0000000082d00000, 0x0000000082d00000, 0x0000000082e00000|  0%| F|  |TAMS 0x0000000082d00000, 0x0000000082d00000| Untracked 
|  40|0x0000000082e00000, 0x0000000082e00000, 0x0000000082f00000|  0%| F|  |TAMS 0x0000000082e00000, 0x0000000082e00000| Untracked 
|  41|0x0000000082f00000, 0x0000000082f00000, 0x0000000083000000|  0%| F|  |TAMS 0x0000000082f00000, 0x0000000082f00000| Untracked 
|  42|0x0000000083000000, 0x0000000083000000, 0x0000000083100000|  0%| F|  |TAMS 0x0000000083000000, 0x0000000083000000| Untracked 
|  43|0x0000000083100000, 0x0000000083100000, 0x0000000083200000|  0%| F|  |TAMS 0x0000000083100000, 0x0000000083100000| Untracked 
|  44|0x0000000083200000, 0x0000000083200000, 0x0000000083300000|  0%| F|  |TAMS 0x0000000083200000, 0x0000000083200000| Untracked 
|  45|0x0000000083300000, 0x0000000083300000, 0x0000000083400000|  0%| F|  |TAMS 0x0000000083300000, 0x0000000083300000| Untracked 
|  46|0x0000000083400000, 0x0000000083400000, 0x0000000083500000|  0%| F|  |TAMS 0x0000000083400000, 0x0000000083400000| Untracked 
|  47|0x0000000083500000, 0x0000000083500000, 0x0000000083600000|  0%| F|  |TAMS 0x0000000083500000, 0x0000000083500000| Untracked 
|  48|0x0000000083600000, 0x0000000083600000, 0x0000000083700000|  0%| F|  |TAMS 0x0000000083600000, 0x0000000083600000| Untracked 
|  49|0x0000000083700000, 0x0000000083700000, 0x0000000083800000|  0%| F|  |TAMS 0x0000000083700000, 0x0000000083700000| Untracked 
|  50|0x0000000083800000, 0x0000000083800000, 0x0000000083900000|  0%| F|  |TAMS 0x0000000083800000, 0x0000000083800000| Untracked 
|  51|0x0000000083900000, 0x0000000083900000, 0x0000000083a00000|  0%| F|  |TAMS 0x0000000083900000, 0x0000000083900000| Untracked 
|  52|0x0000000083a00000, 0x0000000083a00000, 0x0000000083b00000|  0%| F|  |TAMS 0x0000000083a00000, 0x0000000083a00000| Untracked 
|  53|0x0000000083b00000, 0x0000000083b00000, 0x0000000083c00000|  0%| F|  |TAMS 0x0000000083b00000, 0x0000000083b00000| Untracked 
|  54|0x0000000083c00000, 0x0000000083c00000, 0x0000000083d00000|  0%| F|  |TAMS 0x0000000083c00000, 0x0000000083c00000| Untracked 
|  55|0x0000000083d00000, 0x0000000083d00000, 0x0000000083e00000|  0%| F|  |TAMS 0x0000000083d00000, 0x0000000083d00000| Untracked 
|  56|0x0000000083e00000, 0x0000000083e00000, 0x0000000083f00000|  0%| F|  |TAMS 0x0000000083e00000, 0x0000000083e00000| Untracked 
|  57|0x0000000083f00000, 0x0000000083f00000, 0x0000000084000000|  0%| F|  |TAMS 0x0000000083f00000, 0x0000000083f00000| Untracked 
|  58|0x0000000084000000, 0x0000000084000000, 0x0000000084100000|  0%| F|  |TAMS 0x0000000084000000, 0x0000000084000000| Untracked 
|  59|0x0000000084100000, 0x0000000084100000, 0x0000000084200000|  0%| F|  |TAMS 0x0000000084100000, 0x0000000084100000| Untracked 
|  60|0x0000000084200000, 0x0000000084200000, 0x0000000084300000|  0%| F|  |TAMS 0x0000000084200000, 0x0000000084200000| Untracked 
|  61|0x0000000084300000, 0x0000000084300000, 0x0000000084400000|  0%| F|  |TAMS 0x0000000084300000, 0x0000000084300000| Untracked 
|  62|0x0000000084400000, 0x0000000084400000, 0x0000000084500000|  0%| F|  |TAMS 0x0000000084400000, 0x0000000084400000| Untracked 
|  63|0x0000000084500000, 0x0000000084500000, 0x0000000084600000|  0%| F|  |TAMS 0x0000000084500000, 0x0000000084500000| Untracked 
|  64|0x0000000084600000, 0x0000000084600000, 0x0000000084700000|  0%| F|  |TAMS 0x0000000084600000, 0x0000000084600000| Untracked 
|  65|0x0000000084700000, 0x0000000084700000, 0x0000000084800000|  0%| F|  |TAMS 0x0000000084700000, 0x0000000084700000| Untracked 
|  66|0x0000000084800000, 0x0000000084900000, 0x0000000084900000|100%| S|  |TAMS 0x0000000084800000, 0x0000000084800000| Complete 
|  67|0x0000000084900000, 0x0000000084a00000, 0x0000000084a00000|100%| S|  |TAMS 0x0000000084900000, 0x0000000084900000| Complete 
|  68|0x0000000084a00000, 0x0000000084b00000, 0x0000000084b00000|100%| S|  |TAMS 0x0000000084a00000, 0x0000000084a00000| Complete 
|  69|0x0000000084b00000, 0x0000000084c00000, 0x0000000084c00000|100%| S|  |TAMS 0x0000000084b00000, 0x0000000084b00000| Complete 
|  70|0x0000000084c00000, 0x0000000084d00000, 0x0000000084d00000|100%| S|  |TAMS 0x0000000084c00000, 0x0000000084c00000| Complete 
|  71|0x0000000084d00000, 0x0000000084e00000, 0x0000000084e00000|100%| S|  |TAMS 0x0000000084d00000, 0x0000000084d00000| Complete 
|  72|0x0000000084e00000, 0x0000000084f00000, 0x0000000084f00000|100%| S|  |TAMS 0x0000000084e00000, 0x0000000084e00000| Complete 
|  73|0x0000000084f00000, 0x0000000085000000, 0x0000000085000000|100%| S|  |TAMS 0x0000000084f00000, 0x0000000084f00000| Complete 
|  74|0x0000000085000000, 0x0000000085100000, 0x0000000085100000|100%| S|  |TAMS 0x0000000085000000, 0x0000000085000000| Complete 
|  75|0x0000000085100000, 0x0000000085200000, 0x0000000085200000|100%| S|  |TAMS 0x0000000085100000, 0x0000000085100000| Complete 
|  76|0x0000000085200000, 0x0000000085300000, 0x0000000085300000|100%| E|CS|TAMS 0x0000000085200000, 0x0000000085200000| Complete 
|  77|0x0000000085300000, 0x0000000085400000, 0x0000000085400000|100%| E|CS|TAMS 0x0000000085300000, 0x0000000085300000| Complete 
|  78|0x0000000085400000, 0x0000000085500000, 0x0000000085500000|100%| E|CS|TAMS 0x0000000085400000, 0x0000000085400000| Complete 
|  79|0x0000000085500000, 0x0000000085600000, 0x0000000085600000|100%| E|CS|TAMS 0x0000000085500000, 0x0000000085500000| Complete 
|  80|0x0000000085600000, 0x0000000085700000, 0x0000000085700000|100%| E|CS|TAMS 0x0000000085600000, 0x0000000085600000| Complete 
|  81|0x0000000085700000, 0x0000000085800000, 0x0000000085800000|100%| E|CS|TAMS 0x0000000085700000, 0x0000000085700000| Complete 
|  82|0x0000000085800000, 0x0000000085900000, 0x0000000085900000|100%| E|CS|TAMS 0x0000000085800000, 0x0000000085800000| Complete 
|  83|0x0000000085900000, 0x0000000085a00000, 0x0000000085a00000|100%| E|CS|TAMS 0x0000000085900000, 0x0000000085900000| Complete 
|  84|0x0000000085a00000, 0x0000000085b00000, 0x0000000085b00000|100%| E|CS|TAMS 0x0000000085a00000, 0x0000000085a00000| Complete 
|  85|0x0000000085b00000, 0x0000000085c00000, 0x0000000085c00000|100%| E|CS|TAMS 0x0000000085b00000, 0x0000000085b00000| Complete 
|  86|0x0000000085c00000, 0x0000000085d00000, 0x0000000085d00000|100%| E|CS|TAMS 0x0000000085c00000, 0x0000000085c00000| Complete 
|  87|0x0000000085d00000, 0x0000000085e00000, 0x0000000085e00000|100%| E|CS|TAMS 0x0000000085d00000, 0x0000000085d00000| Complete 
|  88|0x0000000085e00000, 0x0000000085f00000, 0x0000000085f00000|100%| E|CS|TAMS 0x0000000085e00000, 0x0000000085e00000| Complete 
|  89|0x0000000085f00000, 0x0000000086000000, 0x0000000086000000|100%| E|CS|TAMS 0x0000000085f00000, 0x0000000085f00000| Complete 
|  90|0x0000000086000000, 0x0000000086100000, 0x0000000086100000|100%| E|CS|TAMS 0x0000000086000000, 0x0000000086000000| Complete 
|  91|0x0000000086100000, 0x0000000086200000, 0x0000000086200000|100%| E|CS|TAMS 0x0000000086100000, 0x0000000086100000| Complete 
|  92|0x0000000086200000, 0x0000000086300000, 0x0000000086300000|100%| E|CS|TAMS 0x0000000086200000, 0x0000000086200000| Complete 
|  93|0x0000000086300000, 0x0000000086400000, 0x0000000086400000|100%| E|CS|TAMS 0x0000000086300000, 0x0000000086300000| Complete 
|  94|0x0000000086400000, 0x0000000086500000, 0x0000000086500000|100%| E|CS|TAMS 0x0000000086400000, 0x0000000086400000| Complete 
|  95|0x0000000086500000, 0x0000000086600000, 0x0000000086600000|100%| E|CS|TAMS 0x0000000086500000, 0x0000000086500000| Complete 
|  96|0x0000000086600000, 0x0000000086700000, 0x0000000086700000|100%| E|CS|TAMS 0x0000000086600000, 0x0000000086600000| Complete 
|  97|0x0000000086700000, 0x0000000086800000, 0x0000000086800000|100%| E|CS|TAMS 0x0000000086700000, 0x0000000086700000| Complete 
|  98|0x0000000086800000, 0x0000000086900000, 0x0000000086900000|100%| E|CS|TAMS 0x0000000086800000, 0x0000000086800000| Complete 
|  99|0x0000000086900000, 0x0000000086a00000, 0x0000000086a00000|100%| E|CS|TAMS 0x0000000086900000, 0x0000000086900000| Complete 
| 100|0x0000000086a00000, 0x0000000086b00000, 0x0000000086b00000|100%| E|CS|TAMS 0x0000000086a00000, 0x0000000086a00000| Complete 
| 101|0x0000000086b00000, 0x0000000086c00000, 0x0000000086c00000|100%| E|CS|TAMS 0x0000000086b00000, 0x0000000086b00000| Complete 
| 102|0x0000000086c00000, 0x0000000086d00000, 0x0000000086d00000|100%| E|CS|TAMS 0x0000000086c00000, 0x0000000086c00000| Complete 
| 103|0x0000000086d00000, 0x0000000086e00000, 0x0000000086e00000|100%| E|CS|TAMS 0x0000000086d00000, 0x0000000086d00000| Complete 
| 104|0x0000000086e00000, 0x0000000086f00000, 0x0000000086f00000|100%| E|CS|TAMS 0x0000000086e00000, 0x0000000086e00000| Complete 
| 105|0x0000000086f00000, 0x0000000087000000, 0x0000000087000000|100%| E|CS|TAMS 0x0000000086f00000, 0x0000000086f00000| Complete 
| 106|0x0000000087000000, 0x0000000087100000, 0x0000000087100000|100%| E|CS|TAMS 0x0000000087000000, 0x0000000087000000| Complete 
| 107|0x0000000087100000, 0x0000000087200000, 0x0000000087200000|100%| E|CS|TAMS 0x0000000087100000, 0x0000000087100000| Complete 
| 108|0x0000000087200000, 0x0000000087300000, 0x0000000087300000|100%| E|CS|TAMS 0x0000000087200000, 0x0000000087200000| Complete 
| 109|0x0000000087300000, 0x0000000087400000, 0x0000000087400000|100%| E|CS|TAMS 0x0000000087300000, 0x0000000087300000| Complete 
| 110|0x0000000087400000, 0x0000000087500000, 0x0000000087500000|100%| E|CS|TAMS 0x0000000087400000, 0x0000000087400000| Complete 
| 111|0x0000000087500000, 0x0000000087600000, 0x0000000087600000|100%| E|CS|TAMS 0x0000000087500000, 0x0000000087500000| Complete 
| 112|0x0000000087600000, 0x0000000087700000, 0x0000000087700000|100%| E|CS|TAMS 0x0000000087600000, 0x0000000087600000| Complete 
| 113|0x0000000087700000, 0x0000000087800000, 0x0000000087800000|100%| E|CS|TAMS 0x0000000087700000, 0x0000000087700000| Complete 
| 114|0x0000000087800000, 0x0000000087900000, 0x0000000087900000|100%| E|CS|TAMS 0x0000000087800000, 0x0000000087800000| Complete 
| 115|0x0000000087900000, 0x0000000087a00000, 0x0000000087a00000|100%| E|CS|TAMS 0x0000000087900000, 0x0000000087900000| Complete 
| 116|0x0000000087a00000, 0x0000000087b00000, 0x0000000087b00000|100%| E|CS|TAMS 0x0000000087a00000, 0x0000000087a00000| Complete 
| 117|0x0000000087b00000, 0x0000000087c00000, 0x0000000087c00000|100%| E|CS|TAMS 0x0000000087b00000, 0x0000000087b00000| Complete 
| 118|0x0000000087c00000, 0x0000000087d00000, 0x0000000087d00000|100%| E|CS|TAMS 0x0000000087c00000, 0x0000000087c00000| Complete 
| 119|0x0000000087d00000, 0x0000000087e00000, 0x0000000087e00000|100%| E|CS|TAMS 0x0000000087d00000, 0x0000000087d00000| Complete 
| 120|0x0000000087e00000, 0x0000000087f00000, 0x0000000087f00000|100%| E|CS|TAMS 0x0000000087e00000, 0x0000000087e00000| Complete 
| 121|0x0000000087f00000, 0x0000000088000000, 0x0000000088000000|100%| E|CS|TAMS 0x0000000087f00000, 0x0000000087f00000| Complete 
| 122|0x0000000088000000, 0x0000000088100000, 0x0000000088100000|100%| E|CS|TAMS 0x0000000088000000, 0x0000000088000000| Complete 
| 123|0x0000000088100000, 0x0000000088200000, 0x0000000088200000|100%| E|CS|TAMS 0x0000000088100000, 0x0000000088100000| Complete 
| 124|0x0000000088200000, 0x0000000088300000, 0x0000000088300000|100%| E|CS|TAMS 0x0000000088200000, 0x0000000088200000| Complete 
| 125|0x0000000088300000, 0x0000000088400000, 0x0000000088400000|100%| E|CS|TAMS 0x0000000088300000, 0x0000000088300000| Complete 
| 126|0x0000000088400000, 0x0000000088500000, 0x0000000088500000|100%| E|CS|TAMS 0x0000000088400000, 0x0000000088400000| Complete 
| 127|0x0000000088500000, 0x0000000088600000, 0x0000000088600000|100%| E|CS|TAMS 0x0000000088500000, 0x0000000088500000| Complete 
| 128|0x0000000088600000, 0x0000000088700000, 0x0000000088700000|100%| E|CS|TAMS 0x0000000088600000, 0x0000000088600000| Complete 
| 129|0x0000000088700000, 0x0000000088800000, 0x0000000088800000|100%| E|CS|TAMS 0x0000000088700000, 0x0000000088700000| Complete 
| 130|0x0000000088800000, 0x0000000088900000, 0x0000000088900000|100%| E|CS|TAMS 0x0000000088800000, 0x0000000088800000| Complete 
| 131|0x0000000088900000, 0x0000000088a00000, 0x0000000088a00000|100%| E|CS|TAMS 0x0000000088900000, 0x0000000088900000| Complete 
| 132|0x0000000088a00000, 0x0000000088b00000, 0x0000000088b00000|100%| E|CS|TAMS 0x0000000088a00000, 0x0000000088a00000| Complete 
| 133|0x0000000088b00000, 0x0000000088c00000, 0x0000000088c00000|100%| E|CS|TAMS 0x0000000088b00000, 0x0000000088b00000| Complete 
| 134|0x0000000088c00000, 0x0000000088d00000, 0x0000000088d00000|100%| E|CS|TAMS 0x0000000088c00000, 0x0000000088c00000| Complete 
| 135|0x0000000088d00000, 0x0000000088e00000, 0x0000000088e00000|100%| E|CS|TAMS 0x0000000088d00000, 0x0000000088d00000| Complete 
| 136|0x0000000088e00000, 0x0000000088f00000, 0x0000000088f00000|100%| E|CS|TAMS 0x0000000088e00000, 0x0000000088e00000| Complete 
| 137|0x0000000088f00000, 0x0000000089000000, 0x0000000089000000|100%| E|CS|TAMS 0x0000000088f00000, 0x0000000088f00000| Complete 
| 138|0x0000000089000000, 0x0000000089100000, 0x0000000089100000|100%| E|CS|TAMS 0x0000000089000000, 0x0000000089000000| Complete 
| 139|0x0000000089100000, 0x0000000089200000, 0x0000000089200000|100%| E|CS|TAMS 0x0000000089100000, 0x0000000089100000| Complete 
| 140|0x0000000089200000, 0x0000000089300000, 0x0000000089300000|100%| E|CS|TAMS 0x0000000089200000, 0x0000000089200000| Complete 
| 141|0x0000000089300000, 0x0000000089400000, 0x0000000089400000|100%| E|CS|TAMS 0x0000000089300000, 0x0000000089300000| Complete 
| 142|0x0000000089400000, 0x0000000089500000, 0x0000000089500000|100%| E|CS|TAMS 0x0000000089400000, 0x0000000089400000| Complete 
| 143|0x0000000089500000, 0x0000000089600000, 0x0000000089600000|100%| E|CS|TAMS 0x0000000089500000, 0x0000000089500000| Complete 
| 144|0x0000000089600000, 0x0000000089700000, 0x0000000089700000|100%| E|CS|TAMS 0x0000000089600000, 0x0000000089600000| Complete 
| 145|0x0000000089700000, 0x0000000089800000, 0x0000000089800000|100%| E|CS|TAMS 0x0000000089700000, 0x0000000089700000| Complete 
| 146|0x0000000089800000, 0x0000000089900000, 0x0000000089900000|100%| E|CS|TAMS 0x0000000089800000, 0x0000000089800000| Complete 
| 147|0x0000000089900000, 0x0000000089a00000, 0x0000000089a00000|100%| E|CS|TAMS 0x0000000089900000, 0x0000000089900000| Complete 
| 148|0x0000000089a00000, 0x0000000089b00000, 0x0000000089b00000|100%| E|CS|TAMS 0x0000000089a00000, 0x0000000089a00000| Complete 
| 149|0x0000000089b00000, 0x0000000089c00000, 0x0000000089c00000|100%| E|CS|TAMS 0x0000000089b00000, 0x0000000089b00000| Complete 
| 150|0x0000000089c00000, 0x0000000089d00000, 0x0000000089d00000|100%| E|CS|TAMS 0x0000000089c00000, 0x0000000089c00000| Complete 
| 151|0x0000000089d00000, 0x0000000089e00000, 0x0000000089e00000|100%| E|CS|TAMS 0x0000000089d00000, 0x0000000089d00000| Complete 
| 152|0x0000000089e00000, 0x0000000089f00000, 0x0000000089f00000|100%| E|CS|TAMS 0x0000000089e00000, 0x0000000089e00000| Complete 
| 153|0x0000000089f00000, 0x000000008a000000, 0x000000008a000000|100%| E|CS|TAMS 0x0000000089f00000, 0x0000000089f00000| Complete 

Card table byte_map: [0x000001ffade90000,0x000001ffae290000] _byte_map_base: 0x000001ffada8d000

Marking Bits (Prev, Next): (CMBitMap*) 0x000001ff96e73650, (CMBitMap*) 0x000001ff96e73618
 Prev Bits: [0x000001ffb0680000, 0x000001ffb2668000)
 Next Bits: [0x000001ffae690000, 0x000001ffb0678000)

Polling page: 0x000001ff95610000

Metaspace:

Usage:
  Non-class:     20.72 MB capacity,    20.42 MB ( 99%) used,   280.42 KB (  1%) free+waste,    27.88 KB ( <1%) overhead. 
      Class:      2.44 MB capacity,     2.30 MB ( 94%) used,   142.00 KB (  6%) free+waste,    10.75 KB ( <1%) overhead. 
       Both:     23.17 MB capacity,    22.71 MB ( 98%) used,   422.42 KB (  2%) free+waste,    38.63 KB ( <1%) overhead. 

Virtual space:
  Non-class space:       22.00 MB reserved,      20.92 MB ( 95%) committed 
      Class space:        1.00 GB reserved,       2.50 MB ( <1%) committed 
             Both:        1.02 GB reserved,      23.42 MB (  2%) committed 

Chunk freelists:
   Non-Class:  9.75 KB
       Class:  3.13 KB
        Both:  12.88 KB

CodeHeap 'non-profiled nmethods': size=120064Kb used=3175Kb max_used=3175Kb free=116889Kb
 bounds [0x000001ffa5f30000, 0x000001ffa6250000, 0x000001ffad470000]
CodeHeap 'profiled nmethods': size=120000Kb used=10143Kb max_used=10143Kb free=109856Kb
 bounds [0x000001ff9ea00000, 0x000001ff9f3f0000, 0x000001ffa5f30000]
CodeHeap 'non-nmethods': size=5696Kb used=1105Kb max_used=1176Kb free=4591Kb
 bounds [0x000001ff9e470000, 0x000001ff9e6e0000, 0x000001ff9ea00000]
 total_blobs=4669 nmethods=4247 adapters=332
 compilation: enabled
              stopped_count=0, restarted_count=0
 full_count=0

Compilation events (10 events):
Event: 33.298 Thread 0x000001ffb4ce4800 nmethod 4276 0x000001ff9f3e5810 code [0x000001ff9f3e59a0, 0x000001ff9f3e5af8]
Event: 33.305 Thread 0x000001ffb4cd2800 4277   !   4       org.apache.maven.model.profile.DefaultProfileSelector::isActive (187 bytes)
Event: 33.308 Thread 0x000001ffb4ce4800 4278       3       org.apache.maven.model.merge.ModelMerger::mergeOrganization_Name (41 bytes)
Event: 33.309 Thread 0x000001ffb4ce4800 nmethod 4278 0x000001ff9f3e5b90 code [0x000001ff9f3e5d60, 0x000001ff9f3e6058]
Event: 33.310 Thread 0x000001ffb4ce4800 4279       3       org.apache.maven.model.merge.ModelMerger::mergeOrganization_Url (41 bytes)
Event: 33.312 Thread 0x000001ffb4ce4800 nmethod 4279 0x000001ff9f3e6190 code [0x000001ff9f3e6360, 0x000001ff9f3e6658]
Event: 33.316 Thread 0x000001ffb4ce4800 4280       3       org.apache.maven.model.merge.MavenModelMerger::mergeScm_Connection (72 bytes)
Event: 33.318 Thread 0x000001ffb4ce4800 nmethod 4280 0x000001ff9f3e6790 code [0x000001ff9f3e69c0, 0x000001ff9f3e70b8]
Event: 33.319 Thread 0x000001ffb4ce4800 4281       3       org.apache.maven.model.merge.MavenModelMerger::mergeScm_DeveloperConnection (76 bytes)
Event: 33.321 Thread 0x000001ffb4ce4800 nmethod 4281 0x000001ff9f3e7310 code [0x000001ff9f3e7540, 0x000001ff9f3e7c38]

GC Heap History (10 events):
Event: 4.324 GC heap after
{Heap after GC invocations=3 (full 0):
 garbage-first heap   total 131072K, used 4221K [0x0000000080600000, 0x0000000100000000)
  region size 1024K, 2 young (2048K), 2 survivors (2048K)
 Metaspace       used 14401K, capacity 14732K, committed 14976K, reserved 1062912K
  class space    used 1476K, capacity 1586K, committed 1664K, reserved 1048576K
}
Event: 10.797 GC heap before
{Heap before GC invocations=3 (full 0):
 garbage-first heap   total 131072K, used 58493K [0x0000000080600000, 0x0000000100000000)
  region size 1024K, 55 young (56320K), 2 survivors (2048K)
 Metaspace       used 20398K, capacity 20871K, committed 21120K, reserved 1069056K
  class space    used 2160K, capacity 2320K, committed 2432K, reserved 1048576K
}
Event: 10.829 GC heap after
{Heap after GC invocations=4 (full 0):
 garbage-first heap   total 131072K, used 9128K [0x0000000080600000, 0x0000000100000000)
  region size 1024K, 6 young (6144K), 6 survivors (6144K)
 Metaspace       used 20398K, capacity 20871K, committed 21120K, reserved 1069056K
  class space    used 2160K, capacity 2320K, committed 2432K, reserved 1048576K
}
Event: 14.639 GC heap before
{Heap before GC invocations=4 (full 0):
 garbage-first heap   total 131072K, used 37800K [0x0000000080600000, 0x0000000100000000)
  region size 1024K, 35 young (35840K), 6 survivors (6144K)
 Metaspace       used 20652K, capacity 21080K, committed 21296K, reserved 1069056K
  class space    used 2165K, capacity 2324K, committed 2432K, reserved 1048576K
}
Event: 14.676 GC heap after
{Heap after GC invocations=5 (full 0):
 garbage-first heap   total 131072K, used 11820K [0x0000000080600000, 0x0000000100000000)
  region size 1024K, 3 young (3072K), 3 survivors (3072K)
 Metaspace       used 20652K, capacity 21080K, committed 21296K, reserved 1069056K
  class space    used 2165K, capacity 2324K, committed 2432K, reserved 1048576K
}
Event: 20.014 GC heap before
{Heap before GC invocations=6 (full 0):
 garbage-first heap   total 131072K, used 72236K [0x0000000080600000, 0x0000000100000000)
  region size 1024K, 62 young (63488K), 3 survivors (3072K)
 Metaspace       used 21492K, capacity 22004K, committed 22320K, reserved 1069056K
  class space    used 2216K, capacity 2400K, committed 2432K, reserved 1048576K
}
Event: 20.053 GC heap after
{Heap after GC invocations=7 (full 0):
 garbage-first heap   total 157696K, used 17046K [0x0000000080600000, 0x0000000100000000)
  region size 1024K, 8 young (8192K), 8 survivors (8192K)
 Metaspace       used 21492K, capacity 22004K, committed 22320K, reserved 1069056K
  class space    used 2216K, capacity 2400K, committed 2432K, reserved 1048576K
}
Event: 26.467 GC heap before
{Heap before GC invocations=7 (full 0):
 garbage-first heap   total 157696K, used 85654K [0x0000000080600000, 0x0000000100000000)
  region size 1024K, 75 young (76800K), 8 survivors (8192K)
 Metaspace       used 23024K, capacity 23519K, committed 23728K, reserved 1071104K
  class space    used 2348K, capacity 2500K, committed 2560K, reserved 1048576K
}
Event: 26.533 GC heap after
{Heap after GC invocations=8 (full 0):
 garbage-first heap   total 157696K, used 28672K [0x0000000080600000, 0x0000000100000000)
  region size 1024K, 10 young (10240K), 10 survivors (10240K)
 Metaspace       used 23024K, capacity 23519K, committed 23728K, reserved 1071104K
  class space    used 2348K, capacity 2500K, committed 2560K, reserved 1048576K
}
Event: 33.340 GC heap before
{Heap before GC invocations=8 (full 0):
 garbage-first heap   total 157696K, used 98304K [0x0000000080600000, 0x0000000100000000)
  region size 1024K, 78 young (79872K), 10 survivors (10240K)
 Metaspace       used 23259K, capacity 23721K, committed 23984K, reserved 1071104K
  class space    used 2350K, capacity 2503K, committed 2560K, reserved 1048576K
}

Deoptimization events (10 events):
Event: 29.744 Thread 0x000001ff96e35800 Uncommon trap: reason=profile_predicate action=maybe_recompile pc=0x000001ffa61edf2c method=org.apache.maven.model.validation.DefaultModelValidator.validateEffectiveDependencies(Lorg/apache/maven/model/building/ModelProblemCollector;Lorg/apache/maven/mode
Event: 29.963 Thread 0x000001ff96e35800 Uncommon trap: reason=unstable_if action=reinterpret pc=0x000001ffa60852c4 method=org.apache.maven.model.Plugin.clone()Lorg/apache/maven/model/Plugin; @ 140 c2
Event: 30.063 Thread 0x000001ff96e35800 Uncommon trap: reason=unstable_if action=reinterpret pc=0x000001ffa61ddba4 method=org.apache.maven.model.merge.MavenModelMerger.mergePlugin_Executions(Lorg/apache/maven/model/Plugin;Lorg/apache/maven/model/Plugin;ZLjava/util/Map;)V @ 88 c2
Event: 30.565 Thread 0x000001ff96e35800 Uncommon trap: reason=predicate action=maybe_recompile pc=0x000001ffa6215dc4 method=java.util.AbstractCollection.toArray([Ljava/lang/Object;)[Ljava/lang/Object; @ 43 c2
Event: 31.436 Thread 0x000001ff96e35800 Uncommon trap: reason=profile_predicate action=maybe_recompile pc=0x000001ffa6224d4c method=org.apache.maven.model.management.DefaultDependencyManagementInjector$ManagementModelMerger.mergeManagedDependencies(Lorg/apache/maven/model/Model;)V @ 95 c2
Event: 31.436 Thread 0x000001ff96e35800 Uncommon trap: reason=profile_predicate action=maybe_recompile pc=0x000001ffa6224d4c method=org.apache.maven.model.management.DefaultDependencyManagementInjector$ManagementModelMerger.mergeManagedDependencies(Lorg/apache/maven/model/Model;)V @ 95 c2
Event: 31.437 Thread 0x000001ff96e35800 Uncommon trap: reason=profile_predicate action=maybe_recompile pc=0x000001ffa61fe560 method=org.apache.maven.model.management.DefaultDependencyManagementInjector$ManagementModelMerger.mergeManagedDependencies(Lorg/apache/maven/model/Model;)V @ 88 c2
Event: 31.574 Thread 0x000001ff96e35800 Uncommon trap: reason=profile_predicate action=maybe_recompile pc=0x000001ffa6224d4c method=org.apache.maven.model.management.DefaultDependencyManagementInjector$ManagementModelMerger.mergeManagedDependencies(Lorg/apache/maven/model/Model;)V @ 95 c2
Event: 32.665 Thread 0x000001ff96e35800 Uncommon trap: reason=intrinsic_or_type_checked_inlining action=make_not_entrant pc=0x000001ffa6239ab8 method=java.util.ArrayList$SubList.toArray([Ljava/lang/Object;)[Ljava/lang/Object; @ 58 c2
Event: 32.673 Thread 0x000001ff96e35800 Uncommon trap: reason=profile_predicate action=maybe_recompile pc=0x000001ffa61fe560 method=org.apache.maven.model.management.DefaultDependencyManagementInjector$ManagementModelMerger.mergeManagedDependencies(Lorg/apache/maven/model/Model;)V @ 88 c2

Classes redefined (0 events):
No events

Internal exceptions (10 events):
Event: 6.400 Thread 0x000001ff96e35800 Exception <a 'java/lang/NoClassDefFoundError'{0x0000000086f31db0}: com/google/inject/servlet/ServletModuleTargetVisitor> (0x0000000086f31db0) thrown at [./open/src/hotspot/share/classfile/systemDictionary.cpp, line 216]
Event: 6.400 Thread 0x000001ff96e35800 Exception <a 'java/lang/NoClassDefFoundError'{0x0000000086f31db0}> (0x0000000086f31db0) thrown at [./open/src/hotspot/share/prims/jvm.cpp, line 1309]
Event: 6.707 Thread 0x000001ff96e35800 Exception <a 'java/lang/NoSuchMethodError'{0x0000000086e71f88}: java.lang.invoke.DirectMethodHandle$Holder.invokeStaticInit(Ljava/lang/Object;IIII)Ljava/lang/Object;> (0x0000000086e71f88) thrown at [./open/src/hotspot/share/interpreter/linkResolver.cpp, l
Event: 7.566 Thread 0x000001ff96e35800 Implicit null exception at 0x000001ffa5f66674 to 0x000001ffa5f66b48
Event: 7.567 Thread 0x000001ff96e35800 Implicit null exception at 0x000001ffa5f5a374 to 0x000001ffa5f5a81c
Event: 22.582 Thread 0x000001ff96e35800 Implicit null exception at 0x000001ffa6096298 to 0x000001ffa6096bd0
Event: 24.209 Thread 0x000001ff96e35800 Implicit null exception at 0x000001ffa6014021 to 0x000001ffa6014248
Event: 24.209 Thread 0x000001ff96e35800 Implicit null exception at 0x000001ffa600637f to 0x000001ffa6007d24
Event: 24.212 Thread 0x000001ff96e35800 Implicit null exception at 0x000001ffa5fc5255 to 0x000001ffa5fc5404
Event: 24.212 Thread 0x000001ff96e35800 Implicit null exception at 0x000001ffa603473b to 0x000001ffa6034df0

Events (10 events):
Event: 31.574 Thread 0x000001ff96e35800 Uncommon trap: trap_request=0xffffffbe fr.pc=0x000001ffa6224d4c relative=0x000000000000248c
Event: 31.574 Thread 0x000001ff96e35800 DEOPT PACKING pc=0x000001ffa6224d4c sp=0x000000719f5fb420
Event: 31.574 Thread 0x000001ff96e35800 DEOPT UNPACKING pc=0x000001ff9e4965af sp=0x000000719f5fb438 mode 2
Event: 32.665 Thread 0x000001ff96e35800 Uncommon trap: trap_request=0xffffffcc fr.pc=0x000001ffa6239ab8 relative=0x0000000000004438
Event: 32.665 Thread 0x000001ff96e35800 DEOPT PACKING pc=0x000001ffa6239ab8 sp=0x000000719f5fb410
Event: 32.665 Thread 0x000001ff96e35800 DEOPT UNPACKING pc=0x000001ff9e4965af sp=0x000000719f5fb388 mode 2
Event: 32.673 Thread 0x000001ff96e35800 Uncommon trap: trap_request=0xffffffbe fr.pc=0x000001ffa61fe560 relative=0x0000000000000b80
Event: 32.673 Thread 0x000001ff96e35800 DEOPT PACKING pc=0x000001ffa61fe560 sp=0x000000719f5fb890
Event: 32.673 Thread 0x000001ff96e35800 DEOPT UNPACKING pc=0x000001ff9e4965af sp=0x000000719f5fb860 mode 2
Event: 33.340 Executing VM operation: G1CollectForAllocation


Dynamic libraries:
0x00007ff6663b0000 - 0x00007ff6663bf000 	C:\Program Files\Java\jdk-11.0.13\bin\java.exe
0x00007fffd3f10000 - 0x00007fffd4105000 	C:\WINDOWS\SYSTEM32\ntdll.dll
0x00007fffd27b0000 - 0x00007fffd286e000 	C:\WINDOWS\System32\KERNEL32.DLL
0x00007fffd19b0000 - 0x00007fffd1c78000 	C:\WINDOWS\System32\KERNELBASE.dll
0x00007fffd1730000 - 0x00007fffd1830000 	C:\WINDOWS\System32\ucrtbase.dll
0x00007fffa8be0000 - 0x00007fffa8bf5000 	C:\Program Files\Java\jdk-11.0.13\bin\VCRUNTIME140.dll
0x00007fffa74c0000 - 0x00007fffa74d8000 	C:\Program Files\Java\jdk-11.0.13\bin\jli.dll
0x00007fffd20d0000 - 0x00007fffd217e000 	C:\WINDOWS\System32\ADVAPI32.dll
0x00007fffd2030000 - 0x00007fffd20ce000 	C:\WINDOWS\System32\msvcrt.dll
0x00007fffd1f60000 - 0x00007fffd1ffc000 	C:\WINDOWS\System32\sechost.dll
0x00007fffd2180000 - 0x00007fffd22a5000 	C:\WINDOWS\System32\RPCRT4.dll
0x00007fffd3c80000 - 0x00007fffd3e20000 	C:\WINDOWS\System32\USER32.dll
0x00007fffbb770000 - 0x00007fffbba0a000 	C:\WINDOWS\WinSxS\amd64_microsoft.windows.common-controls_6595b64144ccf1df_6.0.19041.1110_none_60b5254171f9507e\COMCTL32.dll
0x00007fffd1830000 - 0x00007fffd1852000 	C:\WINDOWS\System32\win32u.dll
0x00007fffd2fa0000 - 0x00007fffd2fcb000 	C:\WINDOWS\System32\GDI32.dll
0x00007fffd1620000 - 0x00007fffd172d000 	C:\WINDOWS\System32\gdi32full.dll
0x00007fffd1910000 - 0x00007fffd19ad000 	C:\WINDOWS\System32\msvcp_win.dll
0x00007fffca540000 - 0x00007fffca54a000 	C:\WINDOWS\SYSTEM32\VERSION.dll
0x00007fffd2000000 - 0x00007fffd2030000 	C:\WINDOWS\System32\IMM32.DLL
0x00007fff871a0000 - 0x00007fff8723b000 	C:\Program Files\Java\jdk-11.0.13\bin\msvcp140.dll
0x00007fff67090000 - 0x00007fff67ba3000 	C:\Program Files\Java\jdk-11.0.13\bin\server\jvm.dll
0x00007fffd2e50000 - 0x00007fffd2e58000 	C:\WINDOWS\System32\PSAPI.DLL
0x00007fffbcb30000 - 0x00007fffbcb39000 	C:\WINDOWS\SYSTEM32\WSOCK32.dll
0x00007fffbda80000 - 0x00007fffbdaa7000 	C:\WINDOWS\SYSTEM32\WINMM.dll
0x00007fffd2c30000 - 0x00007fffd2c9b000 	C:\WINDOWS\System32\WS2_32.dll
0x00007fffcf450000 - 0x00007fffcf462000 	C:\WINDOWS\SYSTEM32\kernel.appcore.dll
0x00007fffba880000 - 0x00007fffba890000 	C:\Program Files\Java\jdk-11.0.13\bin\verify.dll
0x00007fffbc820000 - 0x00007fffbca04000 	C:\WINDOWS\SYSTEM32\DBGHELP.DLL
0x00007fffbb480000 - 0x00007fffbb4ac000 	C:\WINDOWS\SYSTEM32\dbgcore.DLL
0x00007fffd1e10000 - 0x00007fffd1e92000 	C:\WINDOWS\System32\bcryptPrimitives.dll
0x00007fff8e630000 - 0x00007fff8e658000 	C:\Program Files\Java\jdk-11.0.13\bin\java.dll
0x00007fffba310000 - 0x00007fffba31a000 	C:\Program Files\Java\jdk-11.0.13\bin\jimage.dll
0x00007fffa7330000 - 0x00007fffa7346000 	C:\Program Files\Java\jdk-11.0.13\bin\zip.dll
0x00007fffd32c0000 - 0x00007fffd3a04000 	C:\WINDOWS\System32\SHELL32.dll
0x00007fffcf730000 - 0x00007fffcfec4000 	C:\WINDOWS\SYSTEM32\windows.storage.dll
0x00007fffd28d0000 - 0x00007fffd2c25000 	C:\WINDOWS\System32\combase.dll
0x00007fffd0fa0000 - 0x00007fffd0fce000 	C:\WINDOWS\SYSTEM32\Wldp.dll
0x00007fffd3e20000 - 0x00007fffd3ecd000 	C:\WINDOWS\System32\SHCORE.dll
0x00007fffd2e60000 - 0x00007fffd2eb5000 	C:\WINDOWS\System32\shlwapi.dll
0x00007fffd1560000 - 0x00007fffd157f000 	C:\WINDOWS\SYSTEM32\profapi.dll
0x00007fffa6580000 - 0x00007fffa6599000 	C:\Program Files\Java\jdk-11.0.13\bin\net.dll
0x00007fffc7710000 - 0x00007fffc781c000 	C:\WINDOWS\SYSTEM32\WINHTTP.dll
0x00007fffd0d00000 - 0x00007fffd0d6a000 	C:\WINDOWS\system32\mswsock.dll
0x00007fffa4fd0000 - 0x00007fffa4fe2000 	C:\Program Files\Java\jdk-11.0.13\bin\nio.dll
0x0000000069ac0000 - 0x0000000069ae4000 	C:\Users\George Leite\AppData\Local\Temp\jansi-2.4.0-d78f50b415ec8a43-jansi.dll

dbghelp: loaded successfully - version: 4.0.5 - missing functions: none
symbol engine: initialized successfully - sym options: 0x614 - pdb path: .;C:\Program Files\Java\jdk-11.0.13\bin;C:\WINDOWS\SYSTEM32;C:\WINDOWS\WinSxS\amd64_microsoft.windows.common-controls_6595b64144ccf1df_6.0.19041.1110_none_60b5254171f9507e;C:\Program Files\Java\jdk-11.0.13\bin\server;C:\Users\George Leite\AppData\Local\Temp

VM Arguments:
jvm_args: -Dmaven.multiModuleProjectDirectory=E:\JavaEE\hackathon-javaee 
java_command: org.apache.maven.wrapper.MavenWrapperMain clean compile quarkus:dev
java_class_path (initial): E:\JavaEE\hackathon-javaee\.mvn\wrapper\maven-wrapper.jar
Launcher Type: SUN_STANDARD

[Global flags]
     intx CICompilerCount                          = 3                                         {product} {ergonomic}
     uint ConcGCThreads                            = 1                                         {product} {ergonomic}
     uint G1ConcRefinementThreads                  = 4                                         {product} {ergonomic}
   size_t G1HeapRegionSize                         = 1048576                                   {product} {ergonomic}
    uintx GCDrainStackTargetSize                   = 64                                        {product} {ergonomic}
   size_t InitialHeapSize                          = 134217728                                 {product} {ergonomic}
   size_t MarkStackSize                            = 4194304                                   {product} {ergonomic}
   size_t MaxHeapSize                              = 2141192192                                {product} {ergonomic}
   size_t MaxNewSize                               = 1284505600                                {product} {ergonomic}
   size_t MinHeapDeltaBytes                        = 1048576                                   {product} {ergonomic}
    uintx NonNMethodCodeHeapSize                   = 5830732                                {pd product} {ergonomic}
    uintx NonProfiledCodeHeapSize                  = 122913754                              {pd product} {ergonomic}
    uintx ProfiledCodeHeapSize                     = 122913754                              {pd product} {ergonomic}
    uintx ReservedCodeCacheSize                    = 251658240                              {pd product} {ergonomic}
     bool SegmentedCodeCache                       = true                                      {product} {ergonomic}
     bool UseCompressedClassPointers               = true                                 {lp64_product} {ergonomic}
     bool UseCompressedOops                        = true                                 {lp64_product} {ergonomic}
     bool UseG1GC                                  = true                                      {product} {ergonomic}
     bool UseLargePagesIndividualAllocation        = false                                  {pd product} {ergonomic}

Logging:
Log output configuration:
 #0: stdout all=warning uptime,level,tags
 #1: stderr all=off uptime,level,tags

Environment Variables:
JAVA_HOME=C:\Program Files\Java\jdk-11.0.13
PATH=C:\Program Files\Java\jdk-11.0.13\bin;C:\Program Files\Common Files\Oracle\Java\javapath;C:\WINDOWS\system32;C:\WINDOWS;C:\WINDOWS\System32\Wbem;C:\WINDOWS\System32\WindowsPowerShell\v1.0\;C:\WINDOWS\System32\OpenSSH\;C:\Program Files\NVIDIA Corporation\NVIDIA NvDLISR;C:\Program Files (x86)\NVIDIA Corporation\PhysX\Common;C:\Program Files (x86)\ZeroTier\One\;E:\NodeJs\;E:\Progamas\Git\cmd;E:\Projetos Cod\apache-maven-3.8.4\bin;C:\Users\George Leite\AppData\Local\Microsoft\WindowsApps;C:\Users\George Leite\AppData\Local\Programs\Microsoft VS Code\bin;C:\Users\George Leite\AppData\Roaming\npm;E:\Projetos Cod\apache-maven-3.8.4\bin;C:\Program Files\Java\java-se-8u41-ri\bin;
USERNAME=George Leite
OS=Windows_NT
PROCESSOR_IDENTIFIER=Intel64 Family 6 Model 42 Stepping 7, GenuineIntel



---------------  S Y S T E M  ---------------

OS: Windows 10 , 64 bit Build 19041 (10.0.19041.1503)

CPU:total 4 (initial active 4) (4 cores per cpu, 1 threads per core) family 6 model 42 stepping 7 microcode 0x2f, cmov, cx8, fxsr, mmx, sse, sse2, sse3, ssse3, sse4.1, sse4.2, popcnt, avx, aes, clmul, tsc, tscinvbit

Memory: 4k page, system-wide physical 8160M (963M free)
TotalPageFile size 16099M (AvailPageFile size 6082M)
current process WorkingSet (physical memory assigned to process): 237M, peak: 240M
current process commit charge ("private bytes"): 301M, peak: 307M

vm_info: Java HotSpot(TM) 64-Bit Server VM (11.0.13+10-LTS-370) for windows-amd64 JRE (11.0.13+10-LTS-370), built on Sep 15 2021 22:10:36 by "mach5one" with MS VC++ 15.9 (VS2017)

END.
